<?xml version="1.0" encoding="UTF-8"?>
<testsuite name="FoxHoundUtilsBasicTest" tests="13" skipped="0" failures="0" errors="0" timestamp="2020-02-05T00:21:56" hostname="DESKTOP-6FO5S7R" time="0.032">
  <properties/>
  <testcase name="testIsHoundWinDInvalid" classname="FoxHoundUtilsBasicTest" time="0.004"/>
  <testcase name="testIsValidMoveDestOccupied" classname="FoxHoundUtilsBasicTest" time="0.002"/>
  <testcase name="testIsValidMovePositive" classname="FoxHoundUtilsBasicTest" time="0.0"/>
  <testcase name="testIsFoxWinNull" classname="FoxHoundUtilsBasicTest" time="0.001"/>
  <testcase name="testIsValidMoveInvalidFigureAtOrigin" classname="FoxHoundUtilsBasicTest" time="0.0"/>
  <testcase name="testInitialisePositionsNegativeDim" classname="FoxHoundUtilsBasicTest" time="0.0"/>
  <testcase name="testIsFoxWinPositive" classname="FoxHoundUtilsBasicTest" time="0.0"/>
  <testcase name="testInitialisePositionsDefaultDim" classname="FoxHoundUtilsBasicTest" time="0.0"/>
  <testcase name="testIsFoxWinNegative" classname="FoxHoundUtilsBasicTest" time="0.0"/>
  <testcase name="testIsValidMoveEmptyOrigin" classname="FoxHoundUtilsBasicTest" time="0.0"/>
  <testcase name="testIsHoundWinPositive" classname="FoxHoundUtilsBasicTest" time="0.001"/>
  <testcase name="testIsHoundWinNegative" classname="FoxHoundUtilsBasicTest" time="0.001"/>
  <testcase name="testIsHoundWinPNull" classname="FoxHoundUtilsBasicTest" time="0.001"/>
  <system-out><![CDATA[]]></system-out>
  <system-err><![CDATA[]]></system-err>
</testsuite>
