<?xml version="1.0" encoding="UTF-8"?>
<testsuite name="FoxHoundIOBasicTest" tests="9" skipped="0" failures="0" errors="0" timestamp="2020-02-06T16:49:48" hostname="DESKTOP-6FO5S7R" time="0.054">
  <properties/>
  <testcase name="testLoadGameInvalidFile" classname="FoxHoundIOBasicTest" time="0.006"/>
  <testcase name="testLoadGameValidInput" classname="FoxHoundIOBasicTest" time="0.016"/>
  <testcase name="testSaveGamePathNull" classname="FoxHoundIOBasicTest" time="0.0"/>
  <testcase name="testLoadGamePlayersNonDefaultDim" classname="FoxHoundIOBasicTest" time="0.001"/>
  <testcase name="testLoadGameInvalidFileContent" classname="FoxHoundIOBasicTest" time="0.001"/>
  <testcase name="testSaveGamePlayersNonDefaultDim" classname="FoxHoundIOBasicTest" time="0.01"/>
  <testcase name="testSaveGameInvalidPath" classname="FoxHoundIOBasicTest" time="0.006"/>
  <testcase name="testLoadGamePathNull" classname="FoxHoundIOBasicTest" time="0.0"/>
  <testcase name="testSaveGameValidInput" classname="FoxHoundIOBasicTest" time="0.008"/>
  <system-out><![CDATA[saving process has some error
]]></system-out>
  <system-err><![CDATA[]]></system-err>
</testsuite>
