<?xml version="1.0" encoding="UTF-8"?>
<testsuite name="FoxHoundIOBasicTest" tests="9" skipped="0" failures="0" errors="0" timestamp="2020-02-08T18:43:49" hostname="saracen.inf.ed.ac.uk" time="0.03">
  <properties/>
  <testcase name="testLoadGameInvalidFile" classname="FoxHoundIOBasicTest" time="0.001"/>
  <testcase name="testLoadGameValidInput" classname="FoxHoundIOBasicTest" time="0.016"/>
  <testcase name="testSaveGamePathNull" classname="FoxHoundIOBasicTest" time="0.001"/>
  <testcase name="testLoadGamePlayersNonDefaultDim" classname="FoxHoundIOBasicTest" time="0.001"/>
  <testcase name="testLoadGameInvalidFileContent" classname="FoxHoundIOBasicTest" time="0.005"/>
  <testcase name="testSaveGamePlayersNonDefaultDim" classname="FoxHoundIOBasicTest" time="0.003"/>
  <testcase name="testSaveGameInvalidPath" classname="FoxHoundIOBasicTest" time="0.001"/>
  <testcase name="testLoadGamePathNull" classname="FoxHoundIOBasicTest" time="0.0"/>
  <testcase name="testSaveGameValidInput" classname="FoxHoundIOBasicTest" time="0.001"/>
  <system-out><![CDATA[Saving file failed, please try again
]]></system-out>
  <system-err><![CDATA[]]></system-err>
</testsuite>
