<?xml version="1.0" encoding="UTF-8"?>
<testsuite name="FoxHoundIOBasicTest" tests="10" skipped="0" failures="0" errors="0" timestamp="2020-02-10T23:34:31" hostname="DESKTOP-6FO5S7R" time="0.086">
  <properties/>
  <testcase name="testLoadGameInvalidFile" classname="FoxHoundIOBasicTest" time="0.007"/>
  <testcase name="testLoadGameValidInput" classname="FoxHoundIOBasicTest" time="0.018"/>
  <testcase name="testSaveGamePathNull" classname="FoxHoundIOBasicTest" time="0.002"/>
  <testcase name="testLoadGamePlayersNonDefaultDim" classname="FoxHoundIOBasicTest" time="0.002"/>
  <testcase name="testLoadGameInvalidFileContent" classname="FoxHoundIOBasicTest" time="0.023"/>
  <testcase name="testSaveGamePlayersNonDefaultDim" classname="FoxHoundIOBasicTest" time="0.007"/>
  <testcase name="testSaveGameInvalidPath" classname="FoxHoundIOBasicTest" time="0.006"/>
  <testcase name="testLoadGamePathNull" classname="FoxHoundIOBasicTest" time="0.0"/>
  <testcase name="differentDimmensionTest" classname="FoxHoundIOBasicTest" time="0.001"/>
  <testcase name="testSaveGameValidInput" classname="FoxHoundIOBasicTest" time="0.007"/>
  <system-out><![CDATA[Saving file failed, please try again
]]></system-out>
  <system-err><![CDATA[impossible board coordinate
]]></system-err>
</testsuite>
